app/build/intermediates/manifest_merge_blame_file/debug/manifest-merger-blame-debug-report.txt
1<?xml version="1.0" encoding="utf-8"?>
2<manifest xmlns:android="http://schemas.android.com/apk/res/android"
3    package="com.raihan.dailyfamily"
4    android:versionCode="1"
5    android:versionName="1.0.0" >
6
7    <uses-sdk
8        android:minSdkVersion="19"
8-->src\main\AndroidManifest.xml
9        android:targetSdkVersion="32" />
9-->src\main\AndroidManifest.xml
10
11    <uses-permission android:name="android.permission.READ_EXTERNAL_STORAGE" />
11-->src\main\AndroidManifest.xml:6:5-80
11-->src\main\AndroidManifest.xml:6:22-77
12    <uses-permission android:name="android.permission.INTERNET" />
12-->src\main\AndroidManifest.xml:7:5-67
12-->src\main\AndroidManifest.xml:7:22-64
13    <uses-permission android:name="android.permission.CALL_PHONE" />
13-->src\main\AndroidManifest.xml:8:5-69
13-->src\main\AndroidManifest.xml:8:22-66
14    <uses-permission android:name="android.permission.READ_PRIVILEGED_PHONE_STATE" />
14-->src\main\AndroidManifest.xml:9:5-11:47
14-->src\main\AndroidManifest.xml:10:9-70
15    <uses-permission android:name="android.permission.WRITE_EXTERNAL_STORAGE" />
15-->src\main\AndroidManifest.xml:12:5-81
15-->src\main\AndroidManifest.xml:12:22-78
16    <uses-permission android:name="android.permission.USE_BIOMETRIC" />
16-->src\main\AndroidManifest.xml:13:5-72
16-->src\main\AndroidManifest.xml:13:22-69
17    <uses-permission android:name="android.permission.ACCESS_NETWORK_STATE" />
17-->src\main\AndroidManifest.xml:14:5-79
17-->src\main\AndroidManifest.xml:14:22-76
18    <uses-permission android:name="android.permission.READ_PHONE_STATE" />
18-->src\main\AndroidManifest.xml:15:5-75
18-->src\main\AndroidManifest.xml:15:22-72
19    <uses-permission android:name="android.permission.WRITE_SETTINGS" />
19-->src\main\AndroidManifest.xml:16:5-18:47
19-->src\main\AndroidManifest.xml:17:9-57
20    <uses-permission android:name="android.permission.POST_NOTIFICATIONS" />
20-->[com.google.firebase:firebase-messaging:23.0.6] AndroidManifest.xml:26:5-77
20-->[com.google.firebase:firebase-messaging:23.0.6] AndroidManifest.xml:26:22-74
21    <uses-permission android:name="android.permission.WAKE_LOCK" /> <!-- Required by older versions of Google Play services to create IID tokens -->
21-->[com.google.firebase:firebase-messaging:23.0.6] AndroidManifest.xml:27:5-68
21-->[com.google.firebase:firebase-messaging:23.0.6] AndroidManifest.xml:27:22-65
22    <uses-permission android:name="com.google.android.c2dm.permission.RECEIVE" />
22-->[com.google.firebase:firebase-messaging:23.0.6] AndroidManifest.xml:29:5-82
22-->[com.google.firebase:firebase-messaging:23.0.6] AndroidManifest.xml:29:22-79
23    <uses-permission android:name="com.google.android.gms.permission.AD_ID" />
23-->[com.google.android.gms:play-services-measurement-api:21.1.0] AndroidManifest.xml:25:5-79
23-->[com.google.android.gms:play-services-measurement-api:21.1.0] AndroidManifest.xml:25:22-76
24    <uses-permission android:name="com.google.android.finsky.permission.BIND_GET_INSTALL_REFERRER_SERVICE" />
24-->[com.google.android.gms:play-services-measurement:21.1.0] AndroidManifest.xml:26:5-110
24-->[com.google.android.gms:play-services-measurement:21.1.0] AndroidManifest.xml:26:22-107
25
26    <application
26-->src\main\AndroidManifest.xml:20:5-240:19
27        android:name="com.raihan.dailyfamily.model.GlobalVariable"
27-->src\main\AndroidManifest.xml:21:9-45
28        android:allowBackup="true"
28-->src\main\AndroidManifest.xml:22:9-35
29        android:appComponentFactory="androidx.core.app.CoreComponentFactory"
29-->[androidx.core:core:1.7.0] AndroidManifest.xml:24:18-86
30        android:debuggable="true"
31        android:fullBackupContent="@xml/my_backup_rules"
31-->src\main\AndroidManifest.xml:23:9-57
32        android:icon="@mipmap/ic_launcher"
32-->src\main\AndroidManifest.xml:24:9-43
33        android:label="@string/app_name"
33-->src\main\AndroidManifest.xml:25:9-41
34        android:requestLegacyExternalStorage="true"
34-->src\main\AndroidManifest.xml:26:9-52
35        android:roundIcon="@mipmap/ic_launcher_round"
35-->src\main\AndroidManifest.xml:27:9-54
36        android:supportsRtl="true"
36-->src\main\AndroidManifest.xml:28:9-35
37        android:testOnly="true"
38        android:theme="@style/AppTheme" >
38-->src\main\AndroidManifest.xml:29:9-40
39        <activity
39-->src\main\AndroidManifest.xml:30:9-32:39
40            android:name="com.raihan.dailyfamily.activity.AddMonthlyCost"
40-->src\main\AndroidManifest.xml:31:13-52
41            android:exported="true" />
41-->src\main\AndroidManifest.xml:32:13-36
42        <activity
42-->src\main\AndroidManifest.xml:33:9-39:47
43            android:name="com.raihan.dailyfamily.activity.BazarApproval"
43-->src\main\AndroidManifest.xml:34:13-51
44            android:configChanges="orientation|keyboardHidden"
44-->src\main\AndroidManifest.xml:35:13-63
45            android:exported="true"
45-->src\main\AndroidManifest.xml:36:13-36
46            android:parentActivityName="com.raihan.dailyfamily.activity.DashboardActivity"
46-->src\main\AndroidManifest.xml:37:13-69
47            android:screenOrientation="portrait"
47-->src\main\AndroidManifest.xml:38:13-49
48            android:theme="@style/AppTheme" />
48-->src\main\AndroidManifest.xml:39:13-44
49        <activity
49-->src\main\AndroidManifest.xml:40:9-46:47
50            android:name="com.raihan.dailyfamily.activity.MealApproval"
50-->src\main\AndroidManifest.xml:41:13-50
51            android:configChanges="orientation|keyboardHidden"
51-->src\main\AndroidManifest.xml:42:13-63
52            android:exported="true"
52-->src\main\AndroidManifest.xml:43:13-36
53            android:parentActivityName="com.raihan.dailyfamily.activity.DashboardActivity"
53-->src\main\AndroidManifest.xml:44:13-69
54            android:screenOrientation="portrait"
54-->src\main\AndroidManifest.xml:45:13-49
55            android:theme="@style/AppTheme" />
55-->src\main\AndroidManifest.xml:46:13-44
56        <activity
56-->src\main\AndroidManifest.xml:47:9-53:47
57            android:name="com.raihan.dailyfamily.activity.AddBazarCost"
57-->src\main\AndroidManifest.xml:48:13-50
58            android:configChanges="orientation|keyboardHidden"
58-->src\main\AndroidManifest.xml:49:13-63
59            android:exported="true"
59-->src\main\AndroidManifest.xml:50:13-36
60            android:parentActivityName="com.raihan.dailyfamily.activity.DashboardActivity"
60-->src\main\AndroidManifest.xml:51:13-69
61            android:screenOrientation="portrait"
61-->src\main\AndroidManifest.xml:52:13-49
62            android:theme="@style/AppTheme" />
62-->src\main\AndroidManifest.xml:53:13-44
63        <activity
63-->src\main\AndroidManifest.xml:54:9-60:47
64            android:name="com.raihan.dailyfamily.activity.AddMeal"
64-->src\main\AndroidManifest.xml:55:13-45
65            android:configChanges="orientation|keyboardHidden"
65-->src\main\AndroidManifest.xml:56:13-63
66            android:exported="true"
66-->src\main\AndroidManifest.xml:57:13-36
67            android:parentActivityName="com.raihan.dailyfamily.activity.DashboardActivity"
67-->src\main\AndroidManifest.xml:58:13-69
68            android:screenOrientation="portrait"
68-->src\main\AndroidManifest.xml:59:13-49
69            android:theme="@style/AppTheme" />
69-->src\main\AndroidManifest.xml:60:13-44
70        <activity
70-->src\main\AndroidManifest.xml:61:9-67:47
71            android:name="com.raihan.dailyfamily.activity.MealBoard"
71-->src\main\AndroidManifest.xml:62:13-47
72            android:configChanges="orientation|keyboardHidden"
72-->src\main\AndroidManifest.xml:63:13-63
73            android:exported="true"
73-->src\main\AndroidManifest.xml:64:13-36
74            android:parentActivityName="com.raihan.dailyfamily.activity.DashboardActivity"
74-->src\main\AndroidManifest.xml:65:13-69
75            android:screenOrientation="portrait"
75-->src\main\AndroidManifest.xml:66:13-49
76            android:theme="@style/AppTheme" />
76-->src\main\AndroidManifest.xml:67:13-44
77        <activity
77-->src\main\AndroidManifest.xml:68:9-74:47
78            android:name="com.raihan.dailyfamily.activity.ImageUpload"
78-->src\main\AndroidManifest.xml:69:13-49
79            android:configChanges="orientation|keyboardHidden"
79-->src\main\AndroidManifest.xml:70:13-63
80            android:exported="true"
80-->src\main\AndroidManifest.xml:71:13-36
81            android:parentActivityName="com.raihan.dailyfamily.activity.DashboardActivity"
81-->src\main\AndroidManifest.xml:72:13-69
82            android:screenOrientation="portrait"
82-->src\main\AndroidManifest.xml:73:13-49
83            android:theme="@style/AppTheme" />
83-->src\main\AndroidManifest.xml:74:13-44
84        <activity
84-->src\main\AndroidManifest.xml:75:9-81:47
85            android:name="com.raihan.dailyfamily.activity.PasswordChangeNew"
85-->src\main\AndroidManifest.xml:76:13-55
86            android:configChanges="orientation|keyboardHidden"
86-->src\main\AndroidManifest.xml:77:13-63
87            android:exported="true"
87-->src\main\AndroidManifest.xml:78:13-36
88            android:parentActivityName="com.raihan.dailyfamily.activity.DashboardActivity"
88-->src\main\AndroidManifest.xml:79:13-69
89            android:screenOrientation="portrait"
89-->src\main\AndroidManifest.xml:80:13-49
90            android:theme="@style/AppTheme" />
90-->src\main\AndroidManifest.xml:81:13-44
91
92        <service
92-->src\main\AndroidManifest.xml:83:9-89:19
93            android:name="com.raihan.dailyfamily.model.FCMService"
93-->src\main\AndroidManifest.xml:84:13-45
94            android:exported="false" >
94-->src\main\AndroidManifest.xml:85:13-37
95            <intent-filter>
95-->src\main\AndroidManifest.xml:86:13-88:29
96                <action android:name="com.google.firebase.MESSAGING_EVENT" />
96-->src\main\AndroidManifest.xml:87:17-78
96-->src\main\AndroidManifest.xml:87:25-75
97            </intent-filter>
98        </service>
99
100        <activity
100-->src\main\AndroidManifest.xml:91:9-97:47
101            android:name="com.raihan.dailyfamily.activity.ReportActivity"
101-->src\main\AndroidManifest.xml:92:13-52
102            android:configChanges="orientation|keyboardHidden"
102-->src\main\AndroidManifest.xml:93:13-63
103            android:exported="true"
103-->src\main\AndroidManifest.xml:94:13-36
104            android:parentActivityName="com.raihan.dailyfamily.activity.DashboardActivity"
104-->src\main\AndroidManifest.xml:95:13-69
105            android:screenOrientation="portrait"
105-->src\main\AndroidManifest.xml:96:13-49
106            android:theme="@style/AppTheme" />
106-->src\main\AndroidManifest.xml:97:13-44
107        <activity
107-->src\main\AndroidManifest.xml:98:9-104:47
108            android:name="com.raihan.dailyfamily.activity.NewDashboardActivity"
108-->src\main\AndroidManifest.xml:99:13-58
109            android:configChanges="orientation|keyboardHidden"
109-->src\main\AndroidManifest.xml:100:13-63
110            android:exported="true"
110-->src\main\AndroidManifest.xml:101:13-36
111            android:parentActivityName="com.raihan.dailyfamily.activity.DashboardActivity"
111-->src\main\AndroidManifest.xml:102:13-69
112            android:screenOrientation="portrait"
112-->src\main\AndroidManifest.xml:103:13-49
113            android:theme="@style/AppTheme" />
113-->src\main\AndroidManifest.xml:104:13-44
114        <activity
114-->src\main\AndroidManifest.xml:105:9-111:47
115            android:name="com.raihan.dailyfamily.activity.AllTxnListActivity"
115-->src\main\AndroidManifest.xml:106:13-56
116            android:configChanges="orientation|keyboardHidden"
116-->src\main\AndroidManifest.xml:107:13-63
117            android:exported="true"
117-->src\main\AndroidManifest.xml:108:13-36
118            android:parentActivityName="com.raihan.dailyfamily.activity.DashboardActivity"
118-->src\main\AndroidManifest.xml:109:13-69
119            android:screenOrientation="portrait"
119-->src\main\AndroidManifest.xml:110:13-49
120            android:theme="@style/AppTheme" />
120-->src\main\AndroidManifest.xml:111:13-44
121        <activity
121-->src\main\AndroidManifest.xml:112:9-123:20
122            android:name="com.raihan.dailyfamily.activity.SplashActivity"
122-->src\main\AndroidManifest.xml:113:13-52
123            android:configChanges="orientation|keyboardHidden"
123-->src\main\AndroidManifest.xml:114:13-63
124            android:exported="true"
124-->src\main\AndroidManifest.xml:115:13-36
125            android:screenOrientation="portrait"
125-->src\main\AndroidManifest.xml:116:13-49
126            android:theme="@style/SplashScreenTheme" >
126-->src\main\AndroidManifest.xml:117:13-53
127            <intent-filter>
127-->src\main\AndroidManifest.xml:118:13-122:29
128                <action android:name="android.intent.action.MAIN" />
128-->src\main\AndroidManifest.xml:119:17-69
128-->src\main\AndroidManifest.xml:119:25-66
129
130                <category android:name="android.intent.category.LAUNCHER" />
130-->src\main\AndroidManifest.xml:121:17-77
130-->src\main\AndroidManifest.xml:121:27-74
131            </intent-filter>
132        </activity>
133        <activity
133-->src\main\AndroidManifest.xml:124:9-130:47
134            android:name="com.raihan.dailyfamily.activity.QRcodeActivity"
134-->src\main\AndroidManifest.xml:125:13-52
135            android:configChanges="orientation|keyboardHidden"
135-->src\main\AndroidManifest.xml:126:13-63
136            android:exported="true"
136-->src\main\AndroidManifest.xml:127:13-36
137            android:parentActivityName="com.raihan.dailyfamily.activity.DashboardActivity"
137-->src\main\AndroidManifest.xml:128:13-69
138            android:screenOrientation="portrait"
138-->src\main\AndroidManifest.xml:129:13-49
139            android:theme="@style/AppTheme" />
139-->src\main\AndroidManifest.xml:130:13-44
140        <activity
140-->src\main\AndroidManifest.xml:131:9-137:47
141            android:name="com.raihan.dailyfamily.activity.CreditActivity"
141-->src\main\AndroidManifest.xml:132:13-52
142            android:configChanges="orientation|keyboardHidden"
142-->src\main\AndroidManifest.xml:133:13-63
143            android:exported="true"
143-->src\main\AndroidManifest.xml:134:13-36
144            android:parentActivityName="com.raihan.dailyfamily.activity.DashboardActivity"
144-->src\main\AndroidManifest.xml:135:13-69
145            android:screenOrientation="portrait"
145-->src\main\AndroidManifest.xml:136:13-49
146            android:theme="@style/AppTheme" />
146-->src\main\AndroidManifest.xml:137:13-44
147        <activity
147-->src\main\AndroidManifest.xml:138:9-144:47
148            android:name="com.raihan.dailyfamily.activity.DebitActivity"
148-->src\main\AndroidManifest.xml:139:13-51
149            android:configChanges="orientation|keyboardHidden"
149-->src\main\AndroidManifest.xml:140:13-63
150            android:exported="true"
150-->src\main\AndroidManifest.xml:141:13-36
151            android:parentActivityName="com.raihan.dailyfamily.activity.DashboardActivity"
151-->src\main\AndroidManifest.xml:142:13-69
152            android:screenOrientation="portrait"
152-->src\main\AndroidManifest.xml:143:13-49
153            android:theme="@style/AppTheme" />
153-->src\main\AndroidManifest.xml:144:13-44
154        <activity
154-->src\main\AndroidManifest.xml:145:9-151:47
155            android:name="com.theartofdev.edmodo.cropper.CropImageActivity"
155-->src\main\AndroidManifest.xml:146:13-76
156            android:configChanges="orientation|keyboardHidden"
156-->src\main\AndroidManifest.xml:147:13-63
157            android:exported="true"
157-->src\main\AndroidManifest.xml:148:13-36
158            android:parentActivityName="com.raihan.dailyfamily.activity.DashboardActivity"
158-->src\main\AndroidManifest.xml:149:13-69
159            android:screenOrientation="portrait"
159-->src\main\AndroidManifest.xml:150:13-49
160            android:theme="@style/AppTheme" />
160-->src\main\AndroidManifest.xml:151:13-44
161        <activity
161-->src\main\AndroidManifest.xml:152:9-158:47
162            android:name="com.raihan.dailyfamily.activity.TransactionActivity"
162-->src\main\AndroidManifest.xml:153:13-57
163            android:configChanges="orientation|keyboardHidden"
163-->src\main\AndroidManifest.xml:154:13-63
164            android:exported="true"
164-->src\main\AndroidManifest.xml:155:13-36
165            android:parentActivityName="com.raihan.dailyfamily.activity.DashboardActivity"
165-->src\main\AndroidManifest.xml:156:13-69
166            android:screenOrientation="portrait"
166-->src\main\AndroidManifest.xml:157:13-49
167            android:theme="@style/AppTheme" />
167-->src\main\AndroidManifest.xml:158:13-44
168        <activity
168-->src\main\AndroidManifest.xml:159:9-165:47
169            android:name="com.raihan.dailyfamily.activity.AboutActivity"
169-->src\main\AndroidManifest.xml:160:13-51
170            android:configChanges="orientation|keyboardHidden"
170-->src\main\AndroidManifest.xml:161:13-63
171            android:exported="true"
171-->src\main\AndroidManifest.xml:162:13-36
172            android:parentActivityName="com.raihan.dailyfamily.activity.DashboardActivity"
172-->src\main\AndroidManifest.xml:163:13-69
173            android:screenOrientation="portrait"
173-->src\main\AndroidManifest.xml:164:13-49
174            android:theme="@style/AppTheme" />
174-->src\main\AndroidManifest.xml:165:13-44
175        <activity
175-->src\main\AndroidManifest.xml:166:9-172:47
176            android:name="com.raihan.dailyfamily.activity.NotificationActivity"
176-->src\main\AndroidManifest.xml:167:13-58
177            android:configChanges="orientation|keyboardHidden"
177-->src\main\AndroidManifest.xml:168:13-63
178            android:exported="true"
178-->src\main\AndroidManifest.xml:169:13-36
179            android:parentActivityName="com.raihan.dailyfamily.activity.DashboardActivity"
179-->src\main\AndroidManifest.xml:170:13-69
180            android:screenOrientation="portrait"
180-->src\main\AndroidManifest.xml:171:13-49
181            android:theme="@style/AppTheme" />
181-->src\main\AndroidManifest.xml:172:13-44
182        <activity
182-->src\main\AndroidManifest.xml:173:9-179:47
183            android:name="com.raihan.dailyfamily.activity.RegisterActivity"
183-->src\main\AndroidManifest.xml:174:13-54
184            android:configChanges="orientation|keyboardHidden"
184-->src\main\AndroidManifest.xml:175:13-63
185            android:exported="true"
185-->src\main\AndroidManifest.xml:176:13-36
186            android:parentActivityName="com.raihan.dailyfamily.activity.DashboardActivity"
186-->src\main\AndroidManifest.xml:177:13-69
187            android:screenOrientation="portrait"
187-->src\main\AndroidManifest.xml:178:13-49
188            android:theme="@style/AppTheme" />
188-->src\main\AndroidManifest.xml:179:13-44
189        <activity
189-->src\main\AndroidManifest.xml:180:9-186:47
190            android:name="com.raihan.dailyfamily.activity.ContactActivity"
190-->src\main\AndroidManifest.xml:181:13-53
191            android:configChanges="orientation|keyboardHidden"
191-->src\main\AndroidManifest.xml:182:13-63
192            android:exported="true"
192-->src\main\AndroidManifest.xml:183:13-36
193            android:parentActivityName="com.raihan.dailyfamily.activity.DashboardActivity"
193-->src\main\AndroidManifest.xml:184:13-69
194            android:screenOrientation="portrait"
194-->src\main\AndroidManifest.xml:185:13-49
195            android:theme="@style/AppTheme" />
195-->src\main\AndroidManifest.xml:186:13-44
196        <activity
196-->src\main\AndroidManifest.xml:187:9-193:47
197            android:name="com.raihan.dailyfamily.activity.StatetmentActivity"
197-->src\main\AndroidManifest.xml:188:13-56
198            android:configChanges="orientation|keyboardHidden"
198-->src\main\AndroidManifest.xml:189:13-63
199            android:exported="true"
199-->src\main\AndroidManifest.xml:190:13-36
200            android:parentActivityName="com.raihan.dailyfamily.activity.DashboardActivity"
200-->src\main\AndroidManifest.xml:191:13-69
201            android:screenOrientation="portrait"
201-->src\main\AndroidManifest.xml:192:13-49
202            android:theme="@style/AppTheme" />
202-->src\main\AndroidManifest.xml:193:13-44
203        <activity
203-->src\main\AndroidManifest.xml:194:9-200:47
204            android:name="com.raihan.dailyfamily.activity.TotalBalanceActivity"
204-->src\main\AndroidManifest.xml:195:13-58
205            android:configChanges="orientation|keyboardHidden"
205-->src\main\AndroidManifest.xml:196:13-63
206            android:exported="true"
206-->src\main\AndroidManifest.xml:197:13-36
207            android:parentActivityName="com.raihan.dailyfamily.activity.DashboardActivity"
207-->src\main\AndroidManifest.xml:198:13-69
208            android:screenOrientation="portrait"
208-->src\main\AndroidManifest.xml:199:13-49
209            android:theme="@style/AppTheme" />
209-->src\main\AndroidManifest.xml:200:13-44
210        <activity
210-->src\main\AndroidManifest.xml:201:9-207:47
211            android:name="com.raihan.dailyfamily.activity.ProfileActivity"
211-->src\main\AndroidManifest.xml:202:13-53
212            android:configChanges="orientation|keyboardHidden"
212-->src\main\AndroidManifest.xml:203:13-63
213            android:exported="true"
213-->src\main\AndroidManifest.xml:204:13-36
214            android:parentActivityName="com.raihan.dailyfamily.activity.DashboardActivity"
214-->src\main\AndroidManifest.xml:205:13-69
215            android:screenOrientation="portrait"
215-->src\main\AndroidManifest.xml:206:13-49
216            android:theme="@style/AppTheme" />
216-->src\main\AndroidManifest.xml:207:13-44
217        <activity
217-->src\main\AndroidManifest.xml:208:9-214:47
218            android:name="com.raihan.dailyfamily.activity.ConditionActivity"
218-->src\main\AndroidManifest.xml:209:13-55
219            android:configChanges="orientation|keyboardHidden"
219-->src\main\AndroidManifest.xml:210:13-63
220            android:exported="true"
220-->src\main\AndroidManifest.xml:211:13-36
221            android:parentActivityName="com.raihan.dailyfamily.activity.DashboardActivity"
221-->src\main\AndroidManifest.xml:212:13-69
222            android:screenOrientation="portrait"
222-->src\main\AndroidManifest.xml:213:13-49
223            android:theme="@style/AppTheme" />
223-->src\main\AndroidManifest.xml:214:13-44
224        <activity
224-->src\main\AndroidManifest.xml:215:9-221:47
225            android:name="com.raihan.dailyfamily.activity.MemberActivity"
225-->src\main\AndroidManifest.xml:216:13-52
226            android:configChanges="orientation|keyboardHidden"
226-->src\main\AndroidManifest.xml:217:13-63
227            android:exported="true"
227-->src\main\AndroidManifest.xml:218:13-36
228            android:parentActivityName="com.raihan.dailyfamily.activity.DashboardActivity"
228-->src\main\AndroidManifest.xml:219:13-69
229            android:screenOrientation="portrait"
229-->src\main\AndroidManifest.xml:220:13-49
230            android:theme="@style/AppTheme" />
230-->src\main\AndroidManifest.xml:221:13-44
231        <activity
231-->src\main\AndroidManifest.xml:222:9-228:47
232            android:name="com.raihan.dailyfamily.activity.DashboardActivity"
232-->src\main\AndroidManifest.xml:223:13-55
233            android:configChanges="orientation|keyboardHidden"
233-->src\main\AndroidManifest.xml:224:13-63
234            android:exported="true"
234-->src\main\AndroidManifest.xml:225:13-36
235            android:parentActivityName="com.raihan.dailyfamily.activity.DashboardActivity"
235-->src\main\AndroidManifest.xml:226:13-69
236            android:screenOrientation="portrait"
236-->src\main\AndroidManifest.xml:227:13-49
237            android:theme="@style/AppTheme" />
237-->src\main\AndroidManifest.xml:228:13-44
238        <activity
238-->src\main\AndroidManifest.xml:229:9-235:47
239            android:name="com.raihan.dailyfamily.activity.MainActivity"
239-->src\main\AndroidManifest.xml:230:13-50
240            android:configChanges="orientation|keyboardHidden"
240-->src\main\AndroidManifest.xml:231:13-63
241            android:exported="true"
241-->src\main\AndroidManifest.xml:232:13-36
242            android:parentActivityName="com.raihan.dailyfamily.activity.DashboardActivity"
242-->src\main\AndroidManifest.xml:233:13-69
243            android:screenOrientation="portrait"
243-->src\main\AndroidManifest.xml:234:13-49
244            android:theme="@style/AppTheme" />
244-->src\main\AndroidManifest.xml:235:13-44
245
246        <meta-data
246-->src\main\AndroidManifest.xml:237:9-239:57
247            android:name="preloaded_fonts"
247-->src\main\AndroidManifest.xml:238:13-43
248            android:resource="@array/preloaded_fonts" />
248-->src\main\AndroidManifest.xml:239:13-54
249
250        <activity
250-->[com.google.firebase:firebase-auth:21.0.6] AndroidManifest.xml:27:9-44:20
251            android:name="com.google.firebase.auth.internal.GenericIdpActivity"
251-->[com.google.firebase:firebase-auth:21.0.6] AndroidManifest.xml:28:13-80
252            android:excludeFromRecents="true"
252-->[com.google.firebase:firebase-auth:21.0.6] AndroidManifest.xml:29:13-46
253            android:exported="true"
253-->[com.google.firebase:firebase-auth:21.0.6] AndroidManifest.xml:30:13-36
254            android:launchMode="singleTask"
254-->[com.google.firebase:firebase-auth:21.0.6] AndroidManifest.xml:31:13-44
255            android:theme="@android:style/Theme.Translucent.NoTitleBar" >
255-->[com.google.firebase:firebase-auth:21.0.6] AndroidManifest.xml:32:13-72
256            <intent-filter>
256-->[com.google.firebase:firebase-auth:21.0.6] AndroidManifest.xml:33:13-43:29
257                <action android:name="android.intent.action.VIEW" />
257-->[com.google.firebase:firebase-auth:21.0.6] AndroidManifest.xml:34:17-69
257-->[com.google.firebase:firebase-auth:21.0.6] AndroidManifest.xml:34:25-66
258
259                <category android:name="android.intent.category.DEFAULT" />
259-->[com.google.firebase:firebase-auth:21.0.6] AndroidManifest.xml:36:17-76
259-->[com.google.firebase:firebase-auth:21.0.6] AndroidManifest.xml:36:27-73
260                <category android:name="android.intent.category.BROWSABLE" />
260-->[com.google.firebase:firebase-auth:21.0.6] AndroidManifest.xml:37:17-78
260-->[com.google.firebase:firebase-auth:21.0.6] AndroidManifest.xml:37:27-75
261
262                <data
262-->[com.google.firebase:firebase-auth:21.0.6] AndroidManifest.xml:39:17-42:51
263                    android:host="firebase.auth"
263-->[com.google.firebase:firebase-auth:21.0.6] AndroidManifest.xml:40:21-49
264                    android:path="/"
264-->[com.google.firebase:firebase-auth:21.0.6] AndroidManifest.xml:41:21-37
265                    android:scheme="genericidp" />
265-->[com.google.firebase:firebase-auth:21.0.6] AndroidManifest.xml:42:21-48
266            </intent-filter>
267        </activity>
268        <activity
268-->[com.google.firebase:firebase-auth:21.0.6] AndroidManifest.xml:45:9-62:20
269            android:name="com.google.firebase.auth.internal.RecaptchaActivity"
269-->[com.google.firebase:firebase-auth:21.0.6] AndroidManifest.xml:46:13-79
270            android:excludeFromRecents="true"
270-->[com.google.firebase:firebase-auth:21.0.6] AndroidManifest.xml:47:13-46
271            android:exported="true"
271-->[com.google.firebase:firebase-auth:21.0.6] AndroidManifest.xml:48:13-36
272            android:launchMode="singleTask"
272-->[com.google.firebase:firebase-auth:21.0.6] AndroidManifest.xml:49:13-44
273            android:theme="@android:style/Theme.Translucent.NoTitleBar" >
273-->[com.google.firebase:firebase-auth:21.0.6] AndroidManifest.xml:50:13-72
274            <intent-filter>
274-->[com.google.firebase:firebase-auth:21.0.6] AndroidManifest.xml:51:13-61:29
275                <action android:name="android.intent.action.VIEW" />
275-->[com.google.firebase:firebase-auth:21.0.6] AndroidManifest.xml:34:17-69
275-->[com.google.firebase:firebase-auth:21.0.6] AndroidManifest.xml:34:25-66
276
277                <category android:name="android.intent.category.DEFAULT" />
277-->[com.google.firebase:firebase-auth:21.0.6] AndroidManifest.xml:36:17-76
277-->[com.google.firebase:firebase-auth:21.0.6] AndroidManifest.xml:36:27-73
278                <category android:name="android.intent.category.BROWSABLE" />
278-->[com.google.firebase:firebase-auth:21.0.6] AndroidManifest.xml:37:17-78
278-->[com.google.firebase:firebase-auth:21.0.6] AndroidManifest.xml:37:27-75
279
280                <data
280-->[com.google.firebase:firebase-auth:21.0.6] AndroidManifest.xml:39:17-42:51
281                    android:host="firebase.auth"
281-->[com.google.firebase:firebase-auth:21.0.6] AndroidManifest.xml:40:21-49
282                    android:path="/"
282-->[com.google.firebase:firebase-auth:21.0.6] AndroidManifest.xml:41:21-37
283                    android:scheme="recaptcha" />
283-->[com.google.firebase:firebase-auth:21.0.6] AndroidManifest.xml:42:21-48
284            </intent-filter>
285        </activity>
286
287        <service
287-->[com.google.firebase:firebase-auth:21.0.6] AndroidManifest.xml:64:9-70:19
288            android:name="com.google.firebase.components.ComponentDiscoveryService"
288-->[com.google.firebase:firebase-auth:21.0.6] AndroidManifest.xml:65:13-84
289            android:directBootAware="true"
289-->[com.google.firebase:firebase-common:20.1.1] AndroidManifest.xml:35:13-43
290            android:exported="false" >
290-->[com.google.firebase:firebase-auth:21.0.6] AndroidManifest.xml:66:13-37
291            <meta-data
291-->[com.google.firebase:firebase-auth:21.0.6] AndroidManifest.xml:67:13-69:85
292                android:name="com.google.firebase.components:com.google.firebase.auth.FirebaseAuthRegistrar"